<?xml version="1.0" encoding="UTF-8"?>
<testsuite name="com.devgun.sample.springboot.web.HelloControllerTest" tests="2" skipped="0" failures="0" errors="0" timestamp="2020-05-27T01:58:53" hostname="LAPTOP-9QIA806B" time="0.212">
  <properties/>
  <testcase name="hello_Rtn" classname="com.devgun.sample.springboot.web.HelloControllerTest" time="0.092"/>
  <testcase name="helloDto_Rtn" classname="com.devgun.sample.springboot.web.HelloControllerTest" time="0.119"/>
  <system-out><![CDATA[2020-05-27 10:58:52.187  INFO 10280 --- [    Test worker] .b.t.a.w.s.WebMvcTestContextBootstrapper : Neither @ContextConfiguration nor @ContextHierarchy found for test class [com.devgun.sample.springboot.web.HelloControllerTest], using SpringBootContextLoader
2020-05-27 10:58:52.202  INFO 10280 --- [    Test worker] o.s.t.c.support.AbstractContextLoader    : Could not detect default resource locations for test class [com.devgun.sample.springboot.web.HelloControllerTest]: no resource found for suffixes {-context.xml, Context.groovy}.
2020-05-27 10:58:52.202  INFO 10280 --- [    Test worker] t.c.s.AnnotationConfigContextLoaderUtils : Could not detect default configuration classes for test class [com.devgun.sample.springboot.web.HelloControllerTest]: HelloControllerTest does not declare any static, non-private, non-final, nested classes annotated with @Configuration.
2020-05-27 10:58:52.218  INFO 10280 --- [    Test worker] .b.t.c.SpringBootTestContextBootstrapper : Found @SpringBootConfiguration com.devgun.sample.springboot.Application for test class com.devgun.sample.springboot.web.HelloControllerTest
2020-05-27 10:58:52.234  INFO 10280 --- [    Test worker] .b.t.a.w.s.WebMvcTestContextBootstrapper : Loaded default TestExecutionListener class names from location [META-INF/spring.factories]: [org.springframework.security.test.context.support.WithSecurityContextTestExecutionListener, org.springframework.security.test.context.support.ReactorContextTestExecutionListener, org.springframework.boot.test.autoconfigure.restdocs.RestDocsTestExecutionListener, org.springframework.boot.test.autoconfigure.web.client.MockRestServiceServerResetTestExecutionListener, org.springframework.boot.test.autoconfigure.web.servlet.MockMvcPrintOnlyOnFailureTestExecutionListener, org.springframework.boot.test.autoconfigure.web.servlet.WebDriverTestExecutionListener, org.springframework.boot.test.mock.mockito.MockitoTestExecutionListener, org.springframework.boot.test.mock.mockito.ResetMocksTestExecutionListener, org.springframework.test.context.web.ServletTestExecutionListener, org.springframework.test.context.support.DirtiesContextBeforeModesTestExecutionListener, org.springframework.test.context.support.DependencyInjectionTestExecutionListener, org.springframework.test.context.support.DirtiesContextTestExecutionListener, org.springframework.test.context.transaction.TransactionalTestExecutionListener, org.springframework.test.context.jdbc.SqlScriptsTestExecutionListener]
2020-05-27 10:58:52.234  INFO 10280 --- [    Test worker] .b.t.a.w.s.WebMvcTestContextBootstrapper : Using TestExecutionListeners: [org.springframework.test.context.web.ServletTestExecutionListener@846fd07, org.springframework.test.context.support.DirtiesContextBeforeModesTestExecutionListener@6ddd1067, org.springframework.boot.test.mock.mockito.MockitoTestExecutionListener@24cc7f85, org.springframework.boot.test.autoconfigure.SpringBootDependencyInjectionTestExecutionListener@3e903302, org.springframework.test.context.support.DirtiesContextTestExecutionListener@1814f12, org.springframework.test.context.transaction.TransactionalTestExecutionListener@4da396d, org.springframework.test.context.jdbc.SqlScriptsTestExecutionListener@43ad5e24, org.springframework.security.test.context.support.WithSecurityContextTestExecutionListener@7c9a7d70, org.springframework.security.test.context.support.ReactorContextTestExecutionListener@7768542e, org.springframework.boot.test.autoconfigure.restdocs.RestDocsTestExecutionListener@22ac1aff, org.springframework.boot.test.autoconfigure.web.client.MockRestServiceServerResetTestExecutionListener@bd92cf0, org.springframework.boot.test.autoconfigure.web.servlet.MockMvcPrintOnlyOnFailureTestExecutionListener@2407b106, org.springframework.boot.test.autoconfigure.web.servlet.WebDriverTestExecutionListener@11fb588c, org.springframework.boot.test.mock.mockito.ResetMocksTestExecutionListener@5342c3ae]

  .   ____          _            __ _ _
 /\\ / ___'_ __ _ _(_)_ __  __ _ \ \ \ \
( ( )\___ | '_ | '_| | '_ \/ _` | \ \ \ \
 \\/  ___)| |_)| | | | | || (_| |  ) ) ) )
  '  |____| .__|_| |_|_| |_\__, | / / / /
 =========|_|==============|___/=/_/_/_/
 :: Spring Boot ::        (v2.1.7.RELEASE)

2020-05-27 10:58:52.306  INFO 10280 --- [    Test worker] c.d.s.s.web.HelloControllerTest          : Starting HelloControllerTest on LAPTOP-9QIA806B with PID 10280 (started by admin in C:\Users\admin\IdeaProjects\devgun-springboot-sample)
2020-05-27 10:58:52.306  INFO 10280 --- [    Test worker] c.d.s.s.web.HelloControllerTest          : The following profiles are active: oauth
2020-05-27 10:58:52.880  INFO 10280 --- [    Test worker] o.s.s.concurrent.ThreadPoolTaskExecutor  : Initializing ExecutorService 'applicationTaskExecutor'
2020-05-27 10:58:52.926  INFO 10280 --- [    Test worker] o.s.b.a.w.s.WelcomePageHandlerMapping    : Adding welcome page template: index
2020-05-27 10:58:53.200  INFO 10280 --- [    Test worker] .s.s.UserDetailsServiceAutoConfiguration : 

Using generated security password: a2c5580a-693a-477f-a213-ecfd46216112

2020-05-27 10:58:53.372  INFO 10280 --- [    Test worker] o.s.s.web.DefaultSecurityFilterChain     : Creating filter chain: any request, [org.springframework.security.web.context.request.async.WebAsyncManagerIntegrationFilter@2317e370, org.springframework.security.web.context.SecurityContextPersistenceFilter@282c90f9, org.springframework.security.web.header.HeaderWriterFilter@2df162fc, org.springframework.security.web.csrf.CsrfFilter@521247e9, org.springframework.security.web.authentication.logout.LogoutFilter@31a817e7, org.springframework.security.web.authentication.UsernamePasswordAuthenticationFilter@7c4d18e6, org.springframework.security.web.authentication.ui.DefaultLoginPageGeneratingFilter@58f8ffee, org.springframework.security.web.authentication.ui.DefaultLogoutPageGeneratingFilter@5d931b61, org.springframework.security.web.authentication.www.BasicAuthenticationFilter@27970aca, org.springframework.security.web.savedrequest.RequestCacheAwareFilter@71065b99, org.springframework.security.web.servletapi.SecurityContextHolderAwareRequestFilter@57c631c7, org.springframework.security.web.authentication.AnonymousAuthenticationFilter@424d8b43, org.springframework.security.web.session.SessionManagementFilter@6d1c55a4, org.springframework.security.web.access.ExceptionTranslationFilter@329d7dd8, org.springframework.security.web.access.intercept.FilterSecurityInterceptor@569aee97]
2020-05-27 10:58:53.419  INFO 10280 --- [    Test worker] o.s.b.t.m.w.SpringBootMockServletContext : Initializing Spring TestDispatcherServlet ''
2020-05-27 10:58:53.419  INFO 10280 --- [    Test worker] o.s.t.web.servlet.TestDispatcherServlet  : Initializing Servlet ''
2020-05-27 10:58:53.434  INFO 10280 --- [    Test worker] o.s.t.web.servlet.TestDispatcherServlet  : Completed initialization in 15 ms
2020-05-27 10:58:53.466  INFO 10280 --- [    Test worker] c.d.s.s.web.HelloControllerTest          : Started HelloControllerTest in 1.232 seconds (JVM running for 11.35)
]]></system-out>
  <system-err><![CDATA[]]></system-err>
</testsuite>
