<?xml version="1.0" encoding="UTF-8"?>
<testsuite name="com.devgun.sample.springboot.web.PostsApiControllerTest" tests="2" skipped="0" failures="0" errors="0" timestamp="2020-05-27T01:58:57" hostname="LAPTOP-9QIA806B" time="0.156">
  <properties/>
  <testcase name="Posts_update" classname="com.devgun.sample.springboot.web.PostsApiControllerTest" time="0.121"/>
  <testcase name="Posts_save" classname="com.devgun.sample.springboot.web.PostsApiControllerTest" time="0.033"/>
  <system-out><![CDATA[2020-05-27 10:58:57.628  INFO 10280 --- [    Test worker] .b.t.c.SpringBootTestContextBootstrapper : Neither @ContextConfiguration nor @ContextHierarchy found for test class [com.devgun.sample.springboot.web.PostsApiControllerTest], using SpringBootContextLoader
2020-05-27 10:58:57.629  INFO 10280 --- [    Test worker] o.s.t.c.support.AbstractContextLoader    : Could not detect default resource locations for test class [com.devgun.sample.springboot.web.PostsApiControllerTest]: no resource found for suffixes {-context.xml, Context.groovy}.
2020-05-27 10:58:57.630  INFO 10280 --- [    Test worker] t.c.s.AnnotationConfigContextLoaderUtils : Could not detect default configuration classes for test class [com.devgun.sample.springboot.web.PostsApiControllerTest]: PostsApiControllerTest does not declare any static, non-private, non-final, nested classes annotated with @Configuration.
2020-05-27 10:58:57.633  INFO 10280 --- [    Test worker] .b.t.c.SpringBootTestContextBootstrapper : Found @SpringBootConfiguration com.devgun.sample.springboot.Application for test class com.devgun.sample.springboot.web.PostsApiControllerTest
2020-05-27 10:58:57.635  INFO 10280 --- [    Test worker] .b.t.c.SpringBootTestContextBootstrapper : Loaded default TestExecutionListener class names from location [META-INF/spring.factories]: [org.springframework.security.test.context.support.WithSecurityContextTestExecutionListener, org.springframework.security.test.context.support.ReactorContextTestExecutionListener, org.springframework.boot.test.autoconfigure.restdocs.RestDocsTestExecutionListener, org.springframework.boot.test.autoconfigure.web.client.MockRestServiceServerResetTestExecutionListener, org.springframework.boot.test.autoconfigure.web.servlet.MockMvcPrintOnlyOnFailureTestExecutionListener, org.springframework.boot.test.autoconfigure.web.servlet.WebDriverTestExecutionListener, org.springframework.boot.test.mock.mockito.MockitoTestExecutionListener, org.springframework.boot.test.mock.mockito.ResetMocksTestExecutionListener, org.springframework.test.context.web.ServletTestExecutionListener, org.springframework.test.context.support.DirtiesContextBeforeModesTestExecutionListener, org.springframework.test.context.support.DependencyInjectionTestExecutionListener, org.springframework.test.context.support.DirtiesContextTestExecutionListener, org.springframework.test.context.transaction.TransactionalTestExecutionListener, org.springframework.test.context.jdbc.SqlScriptsTestExecutionListener]
2020-05-27 10:58:57.637  INFO 10280 --- [    Test worker] .b.t.c.SpringBootTestContextBootstrapper : Using TestExecutionListeners: [org.springframework.test.context.web.ServletTestExecutionListener@6d530736, org.springframework.test.context.support.DirtiesContextBeforeModesTestExecutionListener@3d3b6ad7, org.springframework.boot.test.mock.mockito.MockitoTestExecutionListener@6244aa83, org.springframework.boot.test.autoconfigure.SpringBootDependencyInjectionTestExecutionListener@653df1b0, org.springframework.test.context.support.DirtiesContextTestExecutionListener@10223096, org.springframework.test.context.transaction.TransactionalTestExecutionListener@76299d97, org.springframework.test.context.jdbc.SqlScriptsTestExecutionListener@31fe2163, org.springframework.security.test.context.support.WithSecurityContextTestExecutionListener@3b44e69d, org.springframework.security.test.context.support.ReactorContextTestExecutionListener@3a63c7e3, org.springframework.boot.test.autoconfigure.restdocs.RestDocsTestExecutionListener@1c301d, org.springframework.boot.test.autoconfigure.web.client.MockRestServiceServerResetTestExecutionListener@4029fc44, org.springframework.boot.test.autoconfigure.web.servlet.MockMvcPrintOnlyOnFailureTestExecutionListener@5c459ad2, org.springframework.boot.test.autoconfigure.web.servlet.WebDriverTestExecutionListener@78bd0266, org.springframework.boot.test.mock.mockito.ResetMocksTestExecutionListener@19c049b4]
2020-05-27 10:58:57.660  INFO 10280 --- [    Test worker] o.a.c.c.C.[Tomcat].[localhost].[/]       : Initializing Spring TestDispatcherServlet ''
2020-05-27 10:58:57.660  INFO 10280 --- [    Test worker] o.s.t.web.servlet.TestDispatcherServlet  : Initializing Servlet ''
2020-05-27 10:58:57.664  INFO 10280 --- [    Test worker] o.s.t.web.servlet.TestDispatcherServlet  : Completed initialization in 4 ms
Hibernate: insert into posts (create_date, modified_date, author, content, title) values (?, ?, ?, ?, ?)
Hibernate: select posts0_.id as id1_0_0_, posts0_.create_date as create_d2_0_0_, posts0_.modified_date as modified3_0_0_, posts0_.author as author4_0_0_, posts0_.content as content5_0_0_, posts0_.title as title6_0_0_ from posts posts0_ where posts0_.id=?
Hibernate: update posts set create_date=?, modified_date=?, author=?, content=?, title=? where id=?
Hibernate: select posts0_.id as id1_0_, posts0_.create_date as create_d2_0_, posts0_.modified_date as modified3_0_, posts0_.author as author4_0_, posts0_.content as content5_0_, posts0_.title as title6_0_ from posts posts0_
Hibernate: select posts0_.id as id1_0_, posts0_.create_date as create_d2_0_, posts0_.modified_date as modified3_0_, posts0_.author as author4_0_, posts0_.content as content5_0_, posts0_.title as title6_0_ from posts posts0_
Hibernate: delete from posts where id=?
2020-05-27 10:58:57.775  INFO 10280 --- [    Test worker] o.a.c.c.C.[Tomcat].[localhost].[/]       : Initializing Spring TestDispatcherServlet ''
2020-05-27 10:58:57.775  INFO 10280 --- [    Test worker] o.s.t.web.servlet.TestDispatcherServlet  : Initializing Servlet ''
2020-05-27 10:58:57.780  INFO 10280 --- [    Test worker] o.s.t.web.servlet.TestDispatcherServlet  : Completed initialization in 5 ms
Hibernate: insert into posts (create_date, modified_date, author, content, title) values (?, ?, ?, ?, ?)
Hibernate: select posts0_.id as id1_0_, posts0_.create_date as create_d2_0_, posts0_.modified_date as modified3_0_, posts0_.author as author4_0_, posts0_.content as content5_0_, posts0_.title as title6_0_ from posts posts0_
Hibernate: select posts0_.id as id1_0_, posts0_.create_date as create_d2_0_, posts0_.modified_date as modified3_0_, posts0_.author as author4_0_, posts0_.content as content5_0_, posts0_.title as title6_0_ from posts posts0_
Hibernate: delete from posts where id=?
]]></system-out>
  <system-err><![CDATA[]]></system-err>
</testsuite>
