<?xml version="1.0" encoding="UTF-8"?>
<testsuite name="com.devgun.sample.springboot.web.dto.HelloResponseDtoTest" tests="1" skipped="0" failures="0" errors="0" timestamp="2020-05-27T01:58:52" hostname="LAPTOP-9QIA806B" time="0.004">
  <properties/>
  <testcase name="Lombok_text" classname="com.devgun.sample.springboot.web.dto.HelloResponseDtoTest" time="0.004"/>
  <system-out><![CDATA[]]></system-out>
  <system-err><![CDATA[]]></system-err>
</testsuite>
