<?xml version="1.0" encoding="UTF-8"?>
<testsuite name="com.devgun.sample.springboot.web.IndexControllerTest" tests="1" skipped="0" failures="0" errors="0" timestamp="2020-05-27T01:58:57" hostname="LAPTOP-9QIA806B" time="0.326">
  <properties/>
  <testcase name="IndexPage_Load" classname="com.devgun.sample.springboot.web.IndexControllerTest" time="0.326"/>
  <system-out><![CDATA[2020-05-27 10:58:53.688  INFO 10280 --- [    Test worker] .b.t.c.SpringBootTestContextBootstrapper : Neither @ContextConfiguration nor @ContextHierarchy found for test class [com.devgun.sample.springboot.web.IndexControllerTest], using SpringBootContextLoader
2020-05-27 10:58:53.688  INFO 10280 --- [    Test worker] o.s.t.c.support.AbstractContextLoader    : Could not detect default resource locations for test class [com.devgun.sample.springboot.web.IndexControllerTest]: no resource found for suffixes {-context.xml, Context.groovy}.
2020-05-27 10:58:53.688  INFO 10280 --- [    Test worker] t.c.s.AnnotationConfigContextLoaderUtils : Could not detect default configuration classes for test class [com.devgun.sample.springboot.web.IndexControllerTest]: IndexControllerTest does not declare any static, non-private, non-final, nested classes annotated with @Configuration.
2020-05-27 10:58:53.704  INFO 10280 --- [    Test worker] .b.t.c.SpringBootTestContextBootstrapper : Found @SpringBootConfiguration com.devgun.sample.springboot.Application for test class com.devgun.sample.springboot.web.IndexControllerTest
2020-05-27 10:58:53.704  INFO 10280 --- [    Test worker] .b.t.c.SpringBootTestContextBootstrapper : Loaded default TestExecutionListener class names from location [META-INF/spring.factories]: [org.springframework.security.test.context.support.WithSecurityContextTestExecutionListener, org.springframework.security.test.context.support.ReactorContextTestExecutionListener, org.springframework.boot.test.autoconfigure.restdocs.RestDocsTestExecutionListener, org.springframework.boot.test.autoconfigure.web.client.MockRestServiceServerResetTestExecutionListener, org.springframework.boot.test.autoconfigure.web.servlet.MockMvcPrintOnlyOnFailureTestExecutionListener, org.springframework.boot.test.autoconfigure.web.servlet.WebDriverTestExecutionListener, org.springframework.boot.test.mock.mockito.MockitoTestExecutionListener, org.springframework.boot.test.mock.mockito.ResetMocksTestExecutionListener, org.springframework.test.context.web.ServletTestExecutionListener, org.springframework.test.context.support.DirtiesContextBeforeModesTestExecutionListener, org.springframework.test.context.support.DependencyInjectionTestExecutionListener, org.springframework.test.context.support.DirtiesContextTestExecutionListener, org.springframework.test.context.transaction.TransactionalTestExecutionListener, org.springframework.test.context.jdbc.SqlScriptsTestExecutionListener]
2020-05-27 10:58:53.704  INFO 10280 --- [    Test worker] .b.t.c.SpringBootTestContextBootstrapper : Using TestExecutionListeners: [org.springframework.test.context.web.ServletTestExecutionListener@18c16241, org.springframework.test.context.support.DirtiesContextBeforeModesTestExecutionListener@752f18ca, org.springframework.boot.test.mock.mockito.MockitoTestExecutionListener@1e079d82, org.springframework.boot.test.autoconfigure.SpringBootDependencyInjectionTestExecutionListener@23dd672c, org.springframework.test.context.support.DirtiesContextTestExecutionListener@301dda7c, org.springframework.test.context.transaction.TransactionalTestExecutionListener@3d797dfd, org.springframework.test.context.jdbc.SqlScriptsTestExecutionListener@1f300c5d, org.springframework.security.test.context.support.WithSecurityContextTestExecutionListener@571cec90, org.springframework.security.test.context.support.ReactorContextTestExecutionListener@90c0235, org.springframework.boot.test.autoconfigure.restdocs.RestDocsTestExecutionListener@7fec007c, org.springframework.boot.test.autoconfigure.web.client.MockRestServiceServerResetTestExecutionListener@6021b938, org.springframework.boot.test.autoconfigure.web.servlet.MockMvcPrintOnlyOnFailureTestExecutionListener@5069b1c0, org.springframework.boot.test.autoconfigure.web.servlet.WebDriverTestExecutionListener@391d1c52, org.springframework.boot.test.mock.mockito.ResetMocksTestExecutionListener@26ed04ed]

  .   ____          _            __ _ _
 /\\ / ___'_ __ _ _(_)_ __  __ _ \ \ \ \
( ( )\___ | '_ | '_| | '_ \/ _` | \ \ \ \
 \\/  ___)| |_)| | | | | || (_| |  ) ) ) )
  '  |____| .__|_| |_|_| |_\__, | / / / /
 =========|_|==============|___/=/_/_/_/
 :: Spring Boot ::        (v2.1.7.RELEASE)

2020-05-27 10:58:53.766  INFO 10280 --- [    Test worker] c.d.s.s.web.IndexControllerTest          : Starting IndexControllerTest on LAPTOP-9QIA806B with PID 10280 (started by admin in C:\Users\admin\IdeaProjects\devgun-springboot-sample)
2020-05-27 10:58:53.766  INFO 10280 --- [    Test worker] c.d.s.s.web.IndexControllerTest          : The following profiles are active: oauth
2020-05-27 10:58:54.192  INFO 10280 --- [    Test worker] .s.d.r.c.RepositoryConfigurationDelegate : Bootstrapping Spring Data repositories in DEFAULT mode.
2020-05-27 10:58:54.257  INFO 10280 --- [    Test worker] .s.d.r.c.RepositoryConfigurationDelegate : Finished Spring Data repository scanning in 64ms. Found 2 repository interfaces.
2020-05-27 10:58:54.441  INFO 10280 --- [    Test worker] trationDelegate$BeanPostProcessorChecker : Bean 'org.springframework.transaction.annotation.ProxyTransactionManagementConfiguration' of type [org.springframework.transaction.annotation.ProxyTransactionManagementConfiguration$$EnhancerBySpringCGLIB$$cab4ce8d] is not eligible for getting processed by all BeanPostProcessors (for example: not eligible for auto-proxying)
2020-05-27 10:58:54.960  INFO 10280 --- [    Test worker] o.s.b.w.embedded.tomcat.TomcatWebServer  : Tomcat initialized with port(s): 0 (http)
2020-05-27 10:58:55.027  INFO 10280 --- [    Test worker] o.apache.catalina.core.StandardService   : Starting service [Tomcat]
2020-05-27 10:58:55.028  INFO 10280 --- [    Test worker] org.apache.catalina.core.StandardEngine  : Starting Servlet engine: [Apache Tomcat/9.0.22]
2020-05-27 10:58:55.333  INFO 10280 --- [    Test worker] o.a.c.c.C.[Tomcat].[localhost].[/]       : Initializing Spring embedded WebApplicationContext
2020-05-27 10:58:55.334  INFO 10280 --- [    Test worker] o.s.web.context.ContextLoader            : Root WebApplicationContext: initialization completed in 1551 ms
2020-05-27 10:58:55.652  INFO 10280 --- [    Test worker] com.zaxxer.hikari.HikariDataSource       : HikariPool-2 - Starting...
2020-05-27 10:58:55.653  INFO 10280 --- [    Test worker] com.zaxxer.hikari.HikariDataSource       : HikariPool-2 - Start completed.
2020-05-27 10:58:55.728  INFO 10280 --- [    Test worker] o.hibernate.jpa.internal.util.LogHelper  : HHH000204: Processing PersistenceUnitInfo [
	name: default
	...]
2020-05-27 10:58:55.740  INFO 10280 --- [    Test worker] org.hibernate.dialect.Dialect            : HHH000400: Using dialect: org.hibernate.dialect.MySQL5InnoDBDialect
Hibernate: drop table if exists posts
Hibernate: drop table if exists user
Hibernate: create table posts (id bigint not null auto_increment, create_date datetime, modified_date datetime, author varchar(255), content TEXT not null, title varchar(500) not null, primary key (id)) engine=InnoDB
Hibernate: create table user (id bigint not null auto_increment, create_date datetime, modified_date datetime, email varchar(255) not null, name varchar(255) not null, picture varchar(255), role varchar(255) not null, primary key (id)) engine=InnoDB
2020-05-27 10:58:55.818  INFO 10280 --- [    Test worker] o.h.t.schema.internal.SchemaCreatorImpl  : HHH000476: Executing import script 'org.hibernate.tool.schema.internal.exec.ScriptSourceInputNonExistentImpl@2e4fddc'
2020-05-27 10:58:55.818  INFO 10280 --- [    Test worker] j.LocalContainerEntityManagerFactoryBean : Initialized JPA EntityManagerFactory for persistence unit 'default'
2020-05-27 10:58:56.305  INFO 10280 --- [    Test worker] o.h.h.i.QueryTranslatorFactoryInitiator  : HHH000397: Using ASTQueryTranslatorFactory
2020-05-27 10:58:56.511  INFO 10280 --- [    Test worker] o.s.s.web.DefaultSecurityFilterChain     : Creating filter chain: any request, [org.springframework.security.web.context.request.async.WebAsyncManagerIntegrationFilter@293c98d, org.springframework.security.web.context.SecurityContextPersistenceFilter@51b2159a, org.springframework.security.web.header.HeaderWriterFilter@3f78f9c8, org.springframework.security.web.authentication.logout.LogoutFilter@4a26a5d6, org.springframework.security.oauth2.client.web.OAuth2AuthorizationRequestRedirectFilter@59d0db5f, org.springframework.security.oauth2.client.web.OAuth2LoginAuthenticationFilter@27d7053f, org.springframework.security.web.authentication.ui.DefaultLoginPageGeneratingFilter@bf97ff6, org.springframework.security.web.authentication.ui.DefaultLogoutPageGeneratingFilter@1e22c986, org.springframework.security.web.savedrequest.RequestCacheAwareFilter@69ed81ec, org.springframework.security.web.servletapi.SecurityContextHolderAwareRequestFilter@112383a0, org.springframework.security.web.authentication.AnonymousAuthenticationFilter@41f7f33e, org.springframework.security.web.session.SessionManagementFilter@8325e4c, org.springframework.security.web.access.ExceptionTranslationFilter@69ea31b9, org.springframework.security.web.access.intercept.FilterSecurityInterceptor@28468d74]
2020-05-27 10:58:56.784  INFO 10280 --- [    Test worker] o.s.s.concurrent.ThreadPoolTaskExecutor  : Initializing ExecutorService 'applicationTaskExecutor'
2020-05-27 10:58:56.815  WARN 10280 --- [    Test worker] aWebConfiguration$JpaWebMvcConfiguration : spring.jpa.open-in-view is enabled by default. Therefore, database queries may be performed during view rendering. Explicitly configure spring.jpa.open-in-view to disable this warning
2020-05-27 10:58:56.862  INFO 10280 --- [    Test worker] o.s.b.a.w.s.WelcomePageHandlerMapping    : Adding welcome page template: index
2020-05-27 10:58:57.254  INFO 10280 --- [    Test worker] s.a.ScheduledAnnotationBeanPostProcessor : No TaskScheduler/ScheduledExecutorService bean found for scheduled processing
2020-05-27 10:58:57.287  INFO 10280 --- [    Test worker] o.s.b.w.embedded.tomcat.TomcatWebServer  : Tomcat started on port(s): 52889 (http) with context path ''
2020-05-27 10:58:57.289  INFO 10280 --- [    Test worker] c.d.s.s.web.IndexControllerTest          : Started IndexControllerTest in 3.585 seconds (JVM running for 15.16)
2020-05-27 10:58:57.445  INFO 10280 --- [o-auto-1-exec-1] o.a.c.c.C.[Tomcat].[localhost].[/]       : Initializing Spring DispatcherServlet 'dispatcherServlet'
2020-05-27 10:58:57.445  INFO 10280 --- [o-auto-1-exec-1] o.s.web.servlet.DispatcherServlet        : Initializing Servlet 'dispatcherServlet'
2020-05-27 10:58:57.489  INFO 10280 --- [o-auto-1-exec-1] o.s.web.servlet.DispatcherServlet        : Completed initialization in 44 ms
Hibernate: select posts0_.id as id1_0_, posts0_.create_date as create_d2_0_, posts0_.modified_date as modified3_0_, posts0_.author as author4_0_, posts0_.content as content5_0_, posts0_.title as title6_0_ from posts posts0_ order by posts0_.id DESC
]]></system-out>
  <system-err><![CDATA[]]></system-err>
</testsuite>
